Soot started on Thu Jul 05 21:31:06 GMT 2018
Applying phase jb.uce to <ca.ubc.ece.eece514.a2.Countdown: java.lang.String getAppletInfo()>.
[getAppletInfo] Eliminating unreachable code...
Applying phase jb.uce to <ca.ubc.ece.eece514.a2.Countdown: java.lang.String[][] getParameterInfo()>.
Applying phase jb.uce to <ca.ubc.ece.eece514.a2.Countdown: void <init>()>.
[<init>] Eliminating unreachable code...
[getParameterInfo] Eliminating unreachable code...
Applying phase jb.uce to <ca.ubc.ece.eece514.a2.Countdown: void init()>.
[init] Eliminating unreachable code...
[<init>]     Constructing soot.toolkits.graph.ExceptionalUnitGraph...
[getParameterInfo]     Constructing soot.toolkits.graph.ExceptionalUnitGraph...
[getAppletInfo]     Constructing soot.toolkits.graph.ExceptionalUnitGraph...
[init]     Constructing soot.toolkits.graph.ExceptionalUnitGraph...
[getAppletInfo]	 Removed 1 statements: 
[<init>]	 Removed 1 statements: 
[<init>]	         nop
[init]	 Removed 1 statements: 
[init]	         nop
[getParameterInfo]	 Removed 1 statements: 
[getParameterInfo]	         nop
Applying phase jb.ls to <ca.ubc.ece.eece514.a2.Countdown: void init()>.
Applying phase jb.ls to <ca.ubc.ece.eece514.a2.Countdown: void <init>()>.
[getAppletInfo]	         nop
Applying phase jb.ls to <ca.ubc.ece.eece514.a2.Countdown: java.lang.String getAppletInfo()>.
[getAppletInfo] Splitting locals...
[<init>] Splitting locals...
[init] Splitting locals...
[init]     Constructing soot.toolkits.graph.ExceptionalUnitGraph...
Applying phase jb.ls to <ca.ubc.ece.eece514.a2.Countdown: java.lang.String[][] getParameterInfo()>.
[<init>]     Constructing soot.toolkits.graph.ExceptionalUnitGraph...
[getAppletInfo]     Constructing soot.toolkits.graph.ExceptionalUnitGraph...
[getParameterInfo] Splitting locals...
[getParameterInfo]     Constructing soot.toolkits.graph.ExceptionalUnitGraph...
[getParameterInfo]     Constructing SimpleLocalUses...
[getAppletInfo]     Constructing SimpleLocalUses...
[init]     Constructing SimpleLocalUses...
[<init>]     Constructing SimpleLocalUses...
[getAppletInfo]     finished SimpleLocalUses...
Applying phase jb.a to <ca.ubc.ece.eece514.a2.Countdown: java.lang.String getAppletInfo()>.
[getParameterInfo]     finished SimpleLocalUses...
Applying phase jb.a to <ca.ubc.ece.eece514.a2.Countdown: java.lang.String[][] getParameterInfo()>.
[init]     finished SimpleLocalUses...
[<init>]     finished SimpleLocalUses...
Applying phase jb.a to <ca.ubc.ece.eece514.a2.Countdown: void <init>()>.
Applying phase jb.a to <ca.ubc.ece.eece514.a2.Countdown: void init()>.
[getAppletInfo] Aggregating iteration 1...
[<init>] Aggregating iteration 1...
[<init>]     Constructing soot.toolkits.graph.ExceptionalUnitGraph...
[getParameterInfo] Aggregating iteration 1...
[init] Aggregating iteration 1...
[init]     Constructing soot.toolkits.graph.ExceptionalUnitGraph...
[getAppletInfo]     Constructing soot.toolkits.graph.ExceptionalUnitGraph...
[getParameterInfo]     Constructing soot.toolkits.graph.ExceptionalUnitGraph...
[init]     Constructing SimpleLocalUses...
[getAppletInfo]     Constructing SimpleLocalUses...
[getParameterInfo]     Constructing SimpleLocalUses...
[<init>]     Constructing SimpleLocalUses...
[getParameterInfo]     finished SimpleLocalUses...
[<init>]     finished SimpleLocalUses...
[init]     finished SimpleLocalUses...
[getAppletInfo]     finished SimpleLocalUses...
Applying phase jb.ule to <ca.ubc.ece.eece514.a2.Countdown: java.lang.String getAppletInfo()>.
Applying phase jb.ule to <ca.ubc.ece.eece514.a2.Countdown: void <init>()>.
[<init>] Eliminating unused locals...
[getAppletInfo] Eliminating unused locals...
Applying phase jb.tr to <ca.ubc.ece.eece514.a2.Countdown: void <init>()>.
[TypeAssigner] typing system started on Thu Jul 05 21:31:20 GMT 2018
[init] Aggregating iteration 2...
[init]     Constructing soot.toolkits.graph.ExceptionalUnitGraph...
Applying phase jb.tr to <ca.ubc.ece.eece514.a2.Countdown: java.lang.String getAppletInfo()>.
Applying phase jb.ule to <ca.ubc.ece.eece514.a2.Countdown: java.lang.String[][] getParameterInfo()>.
[getParameterInfo] Eliminating unused locals...
[TypeAssigner] typing system started on Thu Jul 05 21:31:20 GMT 2018
[init]     Constructing SimpleLocalUses...
Applying phase jb.tr to <ca.ubc.ece.eece514.a2.Countdown: java.lang.String[][] getParameterInfo()>.
[TypeAssigner] typing system started on Thu Jul 05 21:31:20 GMT 2018
[init]     finished SimpleLocalUses...
Applying phase jb.ule to <ca.ubc.ece.eece514.a2.Countdown: void init()>.
[init] Eliminating unused locals...
Applying phase jb.tr to <ca.ubc.ece.eece514.a2.Countdown: void init()>.
[TypeAssigner] typing system started on Thu Jul 05 21:31:20 GMT 2018
[TypeAssigner] typing system ended. It took 0 mins and 0 secs.
[TypeAssigner] typing system ended. It took 0 mins and 0 secs.
[TypeAssigner] typing system ended. It took 0 mins and 0 secs.
[TypeAssigner] typing system ended. It took 0 mins and 0 secs.
Applying phase jb.lns to <ca.ubc.ece.eece514.a2.Countdown: void <init>()>.
Applying phase jb.lns to <ca.ubc.ece.eece514.a2.Countdown: java.lang.String[][] getParameterInfo()>.
Applying phase jb.lns to <ca.ubc.ece.eece514.a2.Countdown: java.lang.String getAppletInfo()>.
Applying phase jb.lns to <ca.ubc.ece.eece514.a2.Countdown: void init()>.
Applying phase jb.cp to <ca.ubc.ece.eece514.a2.Countdown: void <init>()>.
Applying phase jb.cp to <ca.ubc.ece.eece514.a2.Countdown: void init()>.
Applying phase jb.cp to <ca.ubc.ece.eece514.a2.Countdown: java.lang.String getAppletInfo()>.
Applying phase jb.cp to <ca.ubc.ece.eece514.a2.Countdown: java.lang.String[][] getParameterInfo()>.
[<init>] Propagating copies...
[init] Propagating copies...
[init]     Constructing soot.toolkits.graph.ExceptionalUnitGraph...
[getParameterInfo] Propagating copies...
[getAppletInfo] Propagating copies...
[getParameterInfo]     Constructing soot.toolkits.graph.ExceptionalUnitGraph...
[<init>]     Constructing soot.toolkits.graph.ExceptionalUnitGraph...
[<init>]     Propagated: 0 fast copies  0 slow copies
[init]     Propagated: 0 fast copies  0 slow copies
Applying phase jb.dae to <ca.ubc.ece.eece514.a2.Countdown: void <init>()>.
[getAppletInfo]     Constructing soot.toolkits.graph.ExceptionalUnitGraph...
[<init>] Eliminating dead code...
Applying phase jb.dae to <ca.ubc.ece.eece514.a2.Countdown: void init()>.
[init] Eliminating dead code...
[getParameterInfo]     Propagated: 0 fast copies  0 slow copies
Applying phase jb.cp-ule to <ca.ubc.ece.eece514.a2.Countdown: void <init>()>.
[<init>] Eliminating unused locals...
[getAppletInfo]     Propagated: 0 fast copies  0 slow copies
Applying phase jb.ne to <ca.ubc.ece.eece514.a2.Countdown: void <init>()>.
Applying phase jb.dae to <ca.ubc.ece.eece514.a2.Countdown: java.lang.String[][] getParameterInfo()>.
[getParameterInfo] Eliminating dead code...
[init]     Constructing soot.toolkits.graph.ExceptionalUnitGraph...
[getParameterInfo]     Constructing soot.toolkits.graph.ExceptionalUnitGraph...
[<init>] Removing nops...
Applying phase jb.uce to <ca.ubc.ece.eece514.a2.Countdown: void <init>()>.
[<init>] Eliminating unreachable code...
[<init>]     Constructing soot.toolkits.graph.ExceptionalUnitGraph...
Applying phase jb.dae to <ca.ubc.ece.eece514.a2.Countdown: java.lang.String getAppletInfo()>.
[<init>]	 Removed 0 statements: 
Applying phase jb.cp-ule to <ca.ubc.ece.eece514.a2.Countdown: void init()>.
Applying phase jb.cp-ule to <ca.ubc.ece.eece514.a2.Countdown: java.lang.String[][] getParameterInfo()>.
[getParameterInfo] Eliminating unused locals...
[init] Eliminating unused locals...
Applying phase jb.ne to <ca.ubc.ece.eece514.a2.Countdown: java.lang.String[][] getParameterInfo()>.
[getParameterInfo] Removing nops...
[getAppletInfo] Eliminating dead code...
Applying phase jb.uce to <ca.ubc.ece.eece514.a2.Countdown: java.lang.String[][] getParameterInfo()>.
[getParameterInfo] Eliminating unreachable code...
Applying phase jb.ne to <ca.ubc.ece.eece514.a2.Countdown: void init()>.
[init] Removing nops...
[getParameterInfo]     Constructing soot.toolkits.graph.ExceptionalUnitGraph...
Applying phase jb.cp-ule to <ca.ubc.ece.eece514.a2.Countdown: java.lang.String getAppletInfo()>.
[getAppletInfo] Eliminating unused locals...
[getParameterInfo]	 Removed 0 statements: 
Applying phase jb.ne to <ca.ubc.ece.eece514.a2.Countdown: java.lang.String getAppletInfo()>.
[getAppletInfo] Removing nops...
Applying phase jb.uce to <ca.ubc.ece.eece514.a2.Countdown: java.lang.String getAppletInfo()>.
[getAppletInfo] Eliminating unreachable code...
[getAppletInfo]     Constructing soot.toolkits.graph.ExceptionalUnitGraph...
[getAppletInfo]	 Removed 0 statements: 
Applying phase jb.uce to <ca.ubc.ece.eece514.a2.Countdown: void stop()>.
[stop] Eliminating unreachable code...
[stop]     Constructing soot.toolkits.graph.ExceptionalUnitGraph...
[stop]	 Removed 1 statements: 
[stop]	         nop
Applying phase jb.ls to <ca.ubc.ece.eece514.a2.Countdown: void stop()>.
[stop] Splitting locals...
[stop]     Constructing soot.toolkits.graph.ExceptionalUnitGraph...
Applying phase jb.uce to <ca.ubc.ece.eece514.a2.Countdown: void init()>.
[init] Eliminating unreachable code...
[stop]     Constructing SimpleLocalUses...
[init]     Constructing soot.toolkits.graph.ExceptionalUnitGraph...
[stop]     finished SimpleLocalUses...
[init]	 Removed 0 statements: 
Applying phase jb.a to <ca.ubc.ece.eece514.a2.Countdown: void stop()>.
[stop] Aggregating iteration 1...
[stop]     Constructing soot.toolkits.graph.ExceptionalUnitGraph...
[stop]     Constructing SimpleLocalUses...
[stop]     finished SimpleLocalUses...
Applying phase jb.ule to <ca.ubc.ece.eece514.a2.Countdown: void stop()>.
[stop] Eliminating unused locals...
Applying phase jb.tr to <ca.ubc.ece.eece514.a2.Countdown: void stop()>.
[TypeAssigner] typing system started on Thu Jul 05 21:31:20 GMT 2018
Applying phase jb.uce to <ca.ubc.ece.eece514.a2.Countdown: void start()>.
[start] Eliminating unreachable code...
[TypeAssigner] typing system ended. It took 0 mins and 0 secs.
Applying phase jb.lns to <ca.ubc.ece.eece514.a2.Countdown: void stop()>.
Applying phase jb.cp to <ca.ubc.ece.eece514.a2.Countdown: void stop()>.
[stop] Propagating copies...
[stop]     Constructing soot.toolkits.graph.ExceptionalUnitGraph...
[stop]     Propagated: 0 fast copies  0 slow copies
Applying phase jb.dae to <ca.ubc.ece.eece514.a2.Countdown: void stop()>.
[stop] Eliminating dead code...
[stop]     Constructing soot.toolkits.graph.ExceptionalUnitGraph...
Applying phase jb.cp-ule to <ca.ubc.ece.eece514.a2.Countdown: void stop()>.
[stop] Eliminating unused locals...
Applying phase jb.ne to <ca.ubc.ece.eece514.a2.Countdown: void stop()>.
[stop] Removing nops...
Applying phase jb.uce to <ca.ubc.ece.eece514.a2.Countdown: void stop()>.
[stop] Eliminating unreachable code...
[stop]     Constructing soot.toolkits.graph.ExceptionalUnitGraph...
[stop]	 Removed 0 statements: 
[start]     Constructing soot.toolkits.graph.ExceptionalUnitGraph...
[start]	 Removed 1 statements: 
[start]	         nop
Applying phase jb.ls to <ca.ubc.ece.eece514.a2.Countdown: void start()>.
[start] Splitting locals...
[start]     Constructing soot.toolkits.graph.ExceptionalUnitGraph...
[start]     Constructing SimpleLocalUses...
[start]     finished SimpleLocalUses...
Applying phase jb.a to <ca.ubc.ece.eece514.a2.Countdown: void start()>.
[start] Aggregating iteration 1...
[start]     Constructing soot.toolkits.graph.ExceptionalUnitGraph...
[start]     Constructing SimpleLocalUses...
[start]     finished SimpleLocalUses...
Applying phase jb.ule to <ca.ubc.ece.eece514.a2.Countdown: void start()>.
[start] Eliminating unused locals...
Applying phase jb.tr to <ca.ubc.ece.eece514.a2.Countdown: void start()>.
[TypeAssigner] typing system started on Thu Jul 05 21:31:20 GMT 2018
[TypeAssigner] typing system ended. It took 0 mins and 0 secs.
Applying phase jb.lns to <ca.ubc.ece.eece514.a2.Countdown: void start()>.
Applying phase jb.cp to <ca.ubc.ece.eece514.a2.Countdown: void start()>.
[start] Propagating copies...
[start]     Constructing soot.toolkits.graph.ExceptionalUnitGraph...
[start]     Propagated: 0 fast copies  0 slow copies
Applying phase jb.dae to <ca.ubc.ece.eece514.a2.Countdown: void start()>.
[start] Eliminating dead code...
[start]     Constructing soot.toolkits.graph.ExceptionalUnitGraph...
Applying phase jb.cp-ule to <ca.ubc.ece.eece514.a2.Countdown: void start()>.
[start] Eliminating unused locals...
Applying phase jb.ne to <ca.ubc.ece.eece514.a2.Countdown: void start()>.
[start] Removing nops...
Applying phase jb.uce to <ca.ubc.ece.eece514.a2.Countdown: void start()>.
[start] Eliminating unreachable code...
[start]     Constructing soot.toolkits.graph.ExceptionalUnitGraph...
[start]	 Removed 0 statements: 
Applying phase jb.uce to <ca.ubc.ece.eece514.a2.Countdown: void paint(java.awt.Graphics)>.
[paint] Eliminating unreachable code...
[paint]     Constructing soot.toolkits.graph.ExceptionalUnitGraph...
[paint]	 Removed 1 statements: 
[paint]	         nop
Applying phase jb.ls to <ca.ubc.ece.eece514.a2.Countdown: void paint(java.awt.Graphics)>.
[paint] Splitting locals...
[paint]     Constructing soot.toolkits.graph.ExceptionalUnitGraph...
[paint]     Constructing SimpleLocalUses...
[paint]     finished SimpleLocalUses...
Applying phase jb.a to <ca.ubc.ece.eece514.a2.Countdown: void paint(java.awt.Graphics)>.
[paint] Aggregating iteration 1...
[paint]     Constructing soot.toolkits.graph.ExceptionalUnitGraph...
[paint]     Constructing SimpleLocalUses...
[paint]     finished SimpleLocalUses...
[paint] Aggregating iteration 2...
[paint]     Constructing soot.toolkits.graph.ExceptionalUnitGraph...
[paint]     Constructing SimpleLocalUses...
[paint]     finished SimpleLocalUses...
Applying phase jb.ule to <ca.ubc.ece.eece514.a2.Countdown: void paint(java.awt.Graphics)>.
[paint] Eliminating unused locals...
Applying phase jb.tr to <ca.ubc.ece.eece514.a2.Countdown: void paint(java.awt.Graphics)>.
[TypeAssigner] typing system started on Thu Jul 05 21:31:20 GMT 2018
[TypeAssigner] typing system ended. It took 0 mins and 0 secs.
Applying phase jb.lns to <ca.ubc.ece.eece514.a2.Countdown: void paint(java.awt.Graphics)>.
Applying phase jb.cp to <ca.ubc.ece.eece514.a2.Countdown: void paint(java.awt.Graphics)>.
[paint] Propagating copies...
[paint]     Constructing soot.toolkits.graph.ExceptionalUnitGraph...
[paint]     Propagated: 0 fast copies  0 slow copies
Applying phase jb.dae to <ca.ubc.ece.eece514.a2.Countdown: void paint(java.awt.Graphics)>.
[paint] Eliminating dead code...
[paint]     Constructing soot.toolkits.graph.ExceptionalUnitGraph...
[paint]     Constructing SimpleLocalUses...
[paint]     finished SimpleLocalUses...
Applying phase jb.cp-ule to <ca.ubc.ece.eece514.a2.Countdown: void paint(java.awt.Graphics)>.
[paint] Eliminating unused locals...
Applying phase jb.ne to <ca.ubc.ece.eece514.a2.Countdown: void paint(java.awt.Graphics)>.
[paint] Removing nops...
Applying phase jb.uce to <ca.ubc.ece.eece514.a2.Countdown: void paint(java.awt.Graphics)>.
[paint] Eliminating unreachable code...
[paint]     Constructing soot.toolkits.graph.ExceptionalUnitGraph...
[paint]	 Removed 0 statements: 
Applying phase jb.uce to <ca.ubc.ece.eece514.a2.Countdown: void run()>.
[run] Eliminating unreachable code...
[run]     Constructing soot.toolkits.graph.ExceptionalUnitGraph...
[run]	 Removed 1 statements: 
[run]	         nop
Applying phase jb.ls to <ca.ubc.ece.eece514.a2.Countdown: void run()>.
[run] Splitting locals...
[run]     Constructing soot.toolkits.graph.ExceptionalUnitGraph...
[run]     Constructing SimpleLocalUses...
[run]     finished SimpleLocalUses...
Applying phase jb.a to <ca.ubc.ece.eece514.a2.Countdown: void run()>.
[run] Aggregating iteration 1...
[run]     Constructing soot.toolkits.graph.ExceptionalUnitGraph...
[run]     Constructing SimpleLocalUses...
[run]     finished SimpleLocalUses...
[run] Aggregating iteration 2...
[run]     Constructing soot.toolkits.graph.ExceptionalUnitGraph...
[run]     Constructing SimpleLocalUses...
[run]     finished SimpleLocalUses...
Applying phase jb.ule to <ca.ubc.ece.eece514.a2.Countdown: void run()>.
[run] Eliminating unused locals...
Applying phase jb.tr to <ca.ubc.ece.eece514.a2.Countdown: void run()>.
[TypeAssigner] typing system started on Thu Jul 05 21:31:20 GMT 2018
[TypeAssigner] typing system ended. It took 0 mins and 0 secs.
Applying phase jb.lns to <ca.ubc.ece.eece514.a2.Countdown: void run()>.
Applying phase jb.cp to <ca.ubc.ece.eece514.a2.Countdown: void run()>.
[run] Propagating copies...
[run]     Constructing soot.toolkits.graph.ExceptionalUnitGraph...
[run]     Propagated: 0 fast copies  0 slow copies
Applying phase jb.dae to <ca.ubc.ece.eece514.a2.Countdown: void run()>.
[run] Eliminating dead code...
[run]     Constructing soot.toolkits.graph.ExceptionalUnitGraph...
[run]     Constructing SimpleLocalUses...
[run]     finished SimpleLocalUses...
Applying phase jb.cp-ule to <ca.ubc.ece.eece514.a2.Countdown: void run()>.
[run] Eliminating unused locals...
Applying phase jb.ne to <ca.ubc.ece.eece514.a2.Countdown: void run()>.
[run] Removing nops...
Applying phase jb.uce to <ca.ubc.ece.eece514.a2.Countdown: void run()>.
[run] Eliminating unreachable code...
[run]     Constructing soot.toolkits.graph.ExceptionalUnitGraph...
[run]	 Removed 0 statements: 
Transforming ca.ubc.ece.eece514.a2.Countdown... 
[<init>] Propagating copies...
[<init>]     Constructing soot.toolkits.graph.ExceptionalUnitGraph...
[<init>]     Propagated: 0 fast copies  0 slow copies
[<init>] Folding conditional branches...
[<init>]     Folded 0 true, 0 conditional branches
[<init>] Eliminating unreachable code...
[<init>]     Constructing soot.toolkits.graph.ExceptionalUnitGraph...
[<init>]	 Removed 0 statements: 
[<init>] Eliminating dead code...
[<init>] Eliminating unused locals...
Applying phase jap.unreadanalysis to <ca.ubc.ece.eece514.a2.Countdown: void <init>()>.
[<init>] Constructing BafBody...
Applying phase bb.lso to <ca.ubc.ece.eece514.a2.Countdown: void <init>()>.
[<init>] Performing LoadStore optimizations...
[<init>]     Constructing soot.toolkits.graph.BriefUnitGraph...
[<init>]     Constructing soot.toolkits.graph.ExceptionalUnitGraph...
[<init>]     Constructing SimpleLocalUses...
[<init>]     finished SimpleLocalUses...
Applying phase bb.pho to <ca.ubc.ece.eece514.a2.Countdown: void <init>()>.
Applying phase bb.ule to <ca.ubc.ece.eece514.a2.Countdown: void <init>()>.
[<init>] Eliminating unused locals...
Applying phase bb.lp to <ca.ubc.ece.eece514.a2.Countdown: void <init>()>.
[<init>] Packing locals...
[<init>]     Constructing soot.toolkits.graph.ExceptionalUnitGraph...
[<init>]     Constructing SimpleLiveLocals...
Applying phase bb.sco to <ca.ubc.ece.eece514.a2.Countdown: void <init>()>.
Applying phase tag.ln to <ca.ubc.ece.eece514.a2.Countdown: void <init>()>.
[getAppletInfo] Propagating copies...
[getAppletInfo]     Constructing soot.toolkits.graph.ExceptionalUnitGraph...
[getAppletInfo]     Propagated: 0 fast copies  0 slow copies
[getAppletInfo] Folding conditional branches...
[getAppletInfo]     Folded 0 true, 0 conditional branches
[getAppletInfo] Eliminating unreachable code...
[getAppletInfo]     Constructing soot.toolkits.graph.ExceptionalUnitGraph...
[getAppletInfo]	 Removed 0 statements: 
[getAppletInfo] Eliminating dead code...
[getAppletInfo] Eliminating unused locals...
Applying phase jap.unreadanalysis to <ca.ubc.ece.eece514.a2.Countdown: java.lang.String getAppletInfo()>.
[getAppletInfo] Constructing BafBody...
Applying phase bb.lso to <ca.ubc.ece.eece514.a2.Countdown: java.lang.String getAppletInfo()>.
[getAppletInfo] Performing LoadStore optimizations...
[getAppletInfo]     Constructing soot.toolkits.graph.BriefUnitGraph...
[getAppletInfo]     Constructing soot.toolkits.graph.ExceptionalUnitGraph...
[getAppletInfo]     Constructing SimpleLocalUses...
[getAppletInfo]     finished SimpleLocalUses...
Applying phase bb.pho to <ca.ubc.ece.eece514.a2.Countdown: java.lang.String getAppletInfo()>.
Applying phase bb.ule to <ca.ubc.ece.eece514.a2.Countdown: java.lang.String getAppletInfo()>.
[getAppletInfo] Eliminating unused locals...
Applying phase bb.lp to <ca.ubc.ece.eece514.a2.Countdown: java.lang.String getAppletInfo()>.
[getAppletInfo] Packing locals...
[getAppletInfo]     Constructing soot.toolkits.graph.ExceptionalUnitGraph...
[getAppletInfo]     Constructing SimpleLiveLocals...
Applying phase bb.sco to <ca.ubc.ece.eece514.a2.Countdown: java.lang.String getAppletInfo()>.
Applying phase tag.ln to <ca.ubc.ece.eece514.a2.Countdown: java.lang.String getAppletInfo()>.
[getParameterInfo] Propagating copies...
[getParameterInfo]     Constructing soot.toolkits.graph.ExceptionalUnitGraph...
[getParameterInfo]     Propagated: 1 fast copies  0 slow copies
[getParameterInfo] Folding conditional branches...
[getParameterInfo]     Folded 0 true, 0 conditional branches
[getParameterInfo] Eliminating unreachable code...
[getParameterInfo]     Constructing soot.toolkits.graph.ExceptionalUnitGraph...
[getParameterInfo]	 Removed 0 statements: 
[getParameterInfo] Eliminating dead code...
[getParameterInfo]     Constructing soot.toolkits.graph.ExceptionalUnitGraph...
[getParameterInfo] Eliminating unused locals...
Applying phase jap.unreadanalysis to <ca.ubc.ece.eece514.a2.Countdown: java.lang.String[][] getParameterInfo()>.
[getParameterInfo] Constructing BafBody...
Applying phase bb.lso to <ca.ubc.ece.eece514.a2.Countdown: java.lang.String[][] getParameterInfo()>.
[getParameterInfo] Performing LoadStore optimizations...
[getParameterInfo]     Constructing soot.toolkits.graph.BriefUnitGraph...
[getParameterInfo]     Constructing soot.toolkits.graph.ExceptionalUnitGraph...
[getParameterInfo]     Constructing SimpleLocalUses...
[getParameterInfo]     finished SimpleLocalUses...
Applying phase bb.pho to <ca.ubc.ece.eece514.a2.Countdown: java.lang.String[][] getParameterInfo()>.
Applying phase bb.ule to <ca.ubc.ece.eece514.a2.Countdown: java.lang.String[][] getParameterInfo()>.
[getParameterInfo] Eliminating unused locals...
Applying phase bb.lp to <ca.ubc.ece.eece514.a2.Countdown: java.lang.String[][] getParameterInfo()>.
[getParameterInfo] Packing locals...
[getParameterInfo]     Constructing soot.toolkits.graph.ExceptionalUnitGraph...
[getParameterInfo]     Constructing SimpleLiveLocals...
Applying phase bb.sco to <ca.ubc.ece.eece514.a2.Countdown: java.lang.String[][] getParameterInfo()>.
Applying phase tag.ln to <ca.ubc.ece.eece514.a2.Countdown: java.lang.String[][] getParameterInfo()>.
[init] Propagating copies...
[init]     Constructing soot.toolkits.graph.ExceptionalUnitGraph...
[init]     Propagated: 0 fast copies  0 slow copies
[init] Folding conditional branches...
[init]     Folded 0 true, 0 conditional branches
[init] Eliminating unreachable code...
[init]     Constructing soot.toolkits.graph.ExceptionalUnitGraph...
[init]	 Removed 0 statements: 
[init] Eliminating dead code...
[init]     Constructing soot.toolkits.graph.ExceptionalUnitGraph...
[init]     Constructing SimpleLocalUses...
[init]     finished SimpleLocalUses...
[init] Eliminating unused locals...
Applying phase jap.unreadanalysis to <ca.ubc.ece.eece514.a2.Countdown: void init()>.
[init] Constructing BafBody...
Applying phase bb.lso to <ca.ubc.ece.eece514.a2.Countdown: void init()>.
[init] Performing LoadStore optimizations...
[init]     Constructing soot.toolkits.graph.BriefUnitGraph...
[init]     Constructing soot.toolkits.graph.ExceptionalUnitGraph...
[init]     Constructing SimpleLocalUses...
[init]     finished SimpleLocalUses...
Applying phase bb.pho to <ca.ubc.ece.eece514.a2.Countdown: void init()>.
Applying phase bb.ule to <ca.ubc.ece.eece514.a2.Countdown: void init()>.
[init] Eliminating unused locals...
Applying phase bb.lp to <ca.ubc.ece.eece514.a2.Countdown: void init()>.
[init] Packing locals...
[init]     Constructing soot.toolkits.graph.ExceptionalUnitGraph...
[init]     Constructing SimpleLiveLocals...
Applying phase bb.sco to <ca.ubc.ece.eece514.a2.Countdown: void init()>.
Applying phase tag.ln to <ca.ubc.ece.eece514.a2.Countdown: void init()>.
[paint] Propagating copies...
[paint]     Constructing soot.toolkits.graph.ExceptionalUnitGraph...
[paint]     Propagated: 0 fast copies  0 slow copies
[paint] Folding conditional branches...
[paint]     Folded 0 true, 0 conditional branches
[paint] Eliminating unreachable code...
[paint]     Constructing soot.toolkits.graph.ExceptionalUnitGraph...
[paint]	 Removed 0 statements: 
[paint] Eliminating dead code...
[paint]     Constructing soot.toolkits.graph.ExceptionalUnitGraph...
[paint]     Constructing SimpleLocalUses...
[paint]     finished SimpleLocalUses...
[paint] Eliminating unused locals...
Applying phase jap.unreadanalysis to <ca.ubc.ece.eece514.a2.Countdown: void paint(java.awt.Graphics)>.
[paint] Constructing BafBody...
Applying phase bb.lso to <ca.ubc.ece.eece514.a2.Countdown: void paint(java.awt.Graphics)>.
[paint] Performing LoadStore optimizations...
[paint]     Constructing soot.toolkits.graph.BriefUnitGraph...
[paint]     Constructing soot.toolkits.graph.ExceptionalUnitGraph...
[paint]     Constructing SimpleLocalUses...
[paint]     finished SimpleLocalUses...
Applying phase bb.pho to <ca.ubc.ece.eece514.a2.Countdown: void paint(java.awt.Graphics)>.
Applying phase bb.ule to <ca.ubc.ece.eece514.a2.Countdown: void paint(java.awt.Graphics)>.
[paint] Eliminating unused locals...
Applying phase bb.lp to <ca.ubc.ece.eece514.a2.Countdown: void paint(java.awt.Graphics)>.
[paint] Packing locals...
[paint]     Constructing soot.toolkits.graph.ExceptionalUnitGraph...
[paint]     Constructing SimpleLiveLocals...
Applying phase bb.sco to <ca.ubc.ece.eece514.a2.Countdown: void paint(java.awt.Graphics)>.
Applying phase tag.ln to <ca.ubc.ece.eece514.a2.Countdown: void paint(java.awt.Graphics)>.
[start] Propagating copies...
[start]     Constructing soot.toolkits.graph.ExceptionalUnitGraph...
[start]     Propagated: 0 fast copies  0 slow copies
[start] Folding conditional branches...
[start]     Folded 0 true, 0 conditional branches
[start] Eliminating unreachable code...
[start]     Constructing soot.toolkits.graph.ExceptionalUnitGraph...
[start]	 Removed 0 statements: 
[start] Eliminating dead code...
[start]     Constructing soot.toolkits.graph.ExceptionalUnitGraph...
[start] Eliminating unused locals...
Applying phase jap.unreadanalysis to <ca.ubc.ece.eece514.a2.Countdown: void start()>.
[start] Constructing BafBody...
Applying phase bb.lso to <ca.ubc.ece.eece514.a2.Countdown: void start()>.
[start] Performing LoadStore optimizations...
[start]     Constructing soot.toolkits.graph.BriefUnitGraph...
[start]     Constructing soot.toolkits.graph.ExceptionalUnitGraph...
[start]     Constructing SimpleLocalUses...
[start]     finished SimpleLocalUses...
Applying phase bb.pho to <ca.ubc.ece.eece514.a2.Countdown: void start()>.
Applying phase bb.ule to <ca.ubc.ece.eece514.a2.Countdown: void start()>.
[start] Eliminating unused locals...
Applying phase bb.lp to <ca.ubc.ece.eece514.a2.Countdown: void start()>.
[start] Packing locals...
[start]     Constructing soot.toolkits.graph.ExceptionalUnitGraph...
[start]     Constructing SimpleLiveLocals...
Applying phase bb.sco to <ca.ubc.ece.eece514.a2.Countdown: void start()>.
Applying phase tag.ln to <ca.ubc.ece.eece514.a2.Countdown: void start()>.
[stop] Propagating copies...
[stop]     Constructing soot.toolkits.graph.ExceptionalUnitGraph...
[stop]     Propagated: 0 fast copies  0 slow copies
[stop] Folding conditional branches...
[stop]     Folded 0 true, 0 conditional branches
[stop] Eliminating unreachable code...
[stop]     Constructing soot.toolkits.graph.ExceptionalUnitGraph...
[stop]	 Removed 0 statements: 
[stop] Eliminating dead code...
[stop]     Constructing soot.toolkits.graph.ExceptionalUnitGraph...
[stop] Eliminating unused locals...
Applying phase jap.unreadanalysis to <ca.ubc.ece.eece514.a2.Countdown: void stop()>.
[stop] Constructing BafBody...
Applying phase bb.lso to <ca.ubc.ece.eece514.a2.Countdown: void stop()>.
[stop] Performing LoadStore optimizations...
[stop]     Constructing soot.toolkits.graph.BriefUnitGraph...
[stop]     Constructing soot.toolkits.graph.ExceptionalUnitGraph...
[stop]     Constructing SimpleLocalUses...
[stop]     finished SimpleLocalUses...
Applying phase bb.pho to <ca.ubc.ece.eece514.a2.Countdown: void stop()>.
Applying phase bb.ule to <ca.ubc.ece.eece514.a2.Countdown: void stop()>.
[stop] Eliminating unused locals...
Applying phase bb.lp to <ca.ubc.ece.eece514.a2.Countdown: void stop()>.
[stop] Packing locals...
[stop]     Constructing soot.toolkits.graph.ExceptionalUnitGraph...
[stop]     Constructing SimpleLiveLocals...
Applying phase bb.sco to <ca.ubc.ece.eece514.a2.Countdown: void stop()>.
Applying phase tag.ln to <ca.ubc.ece.eece514.a2.Countdown: void stop()>.
[run] Propagating copies...
[run]     Constructing soot.toolkits.graph.ExceptionalUnitGraph...
[run]     Propagated: 3 fast copies  0 slow copies
[run] Folding conditional branches...
[run]     Folded 0 true, 0 conditional branches
[run] Eliminating unreachable code...
[run]     Constructing soot.toolkits.graph.ExceptionalUnitGraph...
[run]	 Removed 0 statements: 
[run] Eliminating dead code...
[run]     Constructing soot.toolkits.graph.ExceptionalUnitGraph...
[run]     Constructing SimpleLocalUses...
[run]     finished SimpleLocalUses...
[run] Eliminating unused locals...
Applying phase jap.unreadanalysis to <ca.ubc.ece.eece514.a2.Countdown: void run()>.
[run] Constructing BafBody...
Applying phase bb.lso to <ca.ubc.ece.eece514.a2.Countdown: void run()>.
[run] Performing LoadStore optimizations...
[run]     Constructing soot.toolkits.graph.BriefUnitGraph...
[run]     Constructing soot.toolkits.graph.ExceptionalUnitGraph...
[run]     Constructing SimpleLocalUses...
[run]     finished SimpleLocalUses...
Applying phase bb.pho to <ca.ubc.ece.eece514.a2.Countdown: void run()>.
Applying phase bb.ule to <ca.ubc.ece.eece514.a2.Countdown: void run()>.
[run] Eliminating unused locals...
Applying phase bb.lp to <ca.ubc.ece.eece514.a2.Countdown: void run()>.
[run] Packing locals...
[run]     Constructing soot.toolkits.graph.ExceptionalUnitGraph...
[run]     Constructing SimpleLiveLocals...
Applying phase bb.sco to <ca.ubc.ece.eece514.a2.Countdown: void run()>.
Applying phase tag.ln to <ca.ubc.ece.eece514.a2.Countdown: void run()>.
Writing to sootOutput/ca/ubc/ece/eece514/a2/Countdown.class
[ca.ubc.ece.eece514.a2.Countdown] Constructing baf.JasminClass...
[<init>]     Constructing soot.toolkits.graph.BriefUnitGraph...
[getAppletInfo]     Constructing soot.toolkits.graph.BriefUnitGraph...
[getParameterInfo]     Constructing soot.toolkits.graph.BriefUnitGraph...
[init]     Constructing soot.toolkits.graph.BriefUnitGraph...
[paint]     Constructing soot.toolkits.graph.BriefUnitGraph...
[start]     Constructing soot.toolkits.graph.BriefUnitGraph...
[stop]     Constructing soot.toolkits.graph.BriefUnitGraph...
[run]     Constructing soot.toolkits.graph.BriefUnitGraph...
Soot finished on Thu Jul 05 21:31:21 GMT 2018
Soot has run for 0 min. 15 sec.
	 dup_writeValueSet:[LinkedVariableBox(r0.<ca.ubc.ece.eece514.a2.Countdown: java.lang.Thread m_Countdown>), LinkedVariableBox(r0.<ca.ubc.ece.eece514.a2.Countdown: java.lang.String m_CountdownDate>), LinkedVariableBox(r0.<ca.ubc.ece.eece514.a2.Countdown: java.lang.String countString>), LinkedVariableBox(r0.<ca.ubc.ece.eece514.a2.Countdown: java.lang.String PARAM_CountdownDate>), LinkedVariableBox(r0.<ca.ubc.ece.eece514.a2.Countdown: java.lang.String countString>), LinkedVariableBox(r0.<ca.ubc.ece.eece514.a2.Countdown: java.util.Date m_Date>), LinkedVariableBox(r0.<ca.ubc.ece.eece514.a2.Countdown: java.lang.Thread m_Countdown>), LinkedVariableBox(r0.<ca.ubc.ece.eece514.a2.Countdown: java.lang.String m_CountdownDate>), LinkedVariableBox(r0.<ca.ubc.ece.eece514.a2.Countdown: java.util.Date m_Date2>), LinkedVariableBox(r0.<ca.ubc.ece.eece514.a2.Countdown: java.lang.Thread m_Countdown>)]
	 readValueSet:[LinkedRValueBox(r0.<ca.ubc.ece.eece514.a2.Countdown: java.lang.Thread m_Countdown>), LinkedRValueBox(r0.<ca.ubc.ece.eece514.a2.Countdown: java.util.Date m_Date>), LinkedRValueBox(r0.<ca.ubc.ece.eece514.a2.Countdown: java.lang.String PARAM_CountdownDate>), LinkedRValueBox(r0.<ca.ubc.ece.eece514.a2.Countdown: java.lang.String countString>), LinkedRValueBox(r0.<ca.ubc.ece.eece514.a2.Countdown: java.lang.String m_CountdownDate>), LinkedRValueBox($r4.<java.awt.Dimension: int width>), LinkedRValueBox(r0.<ca.ubc.ece.eece514.a2.Countdown: java.lang.String countString>), LinkedRValueBox(r0.<ca.ubc.ece.eece514.a2.Countdown: java.util.Date m_Date>), LinkedRValueBox(r0.<ca.ubc.ece.eece514.a2.Countdown: java.lang.Thread m_Countdown>), LinkedRValueBox(r0.<ca.ubc.ece.eece514.a2.Countdown: java.lang.Thread m_Countdown>), LinkedRValueBox(r0.<ca.ubc.ece.eece514.a2.Countdown: java.lang.String PARAM_CountdownDate>), LinkedRValueBox(r0.<ca.ubc.ece.eece514.a2.Countdown: java.util.Date m_Date>), LinkedRValueBox(r0.<ca.ubc.ece.eece514.a2.Countdown: java.lang.Thread m_Countdown>)]
total warnings: 0
